<?xml version="1.0" encoding="UTF-8"?>
<!-- Generated by org.testng.reporters.JUnitXMLReporter -->
<testsuite ignored="0" hostname="Pramod-Yadav" failures="0" tests="3" name="Default test" time="21.892" errors="0" timestamp="2023-06-10T12:10:37 IST">
  <testcase classname="com.test.swag_lab.TC_Swag_Lab" name="LoginPage" time="1.921"/>
  <testcase classname="com.test.swag_lab.TC_Swag_Lab" name="ProductCart" time="0.647"/>
  <testcase classname="com.test.swag_lab.TC_Swag_Lab" name="Check_out" time="8.018"/>
</testsuite> <!-- Default test -->
